/*C2*/SET SCHEMA PUBLIC
DELETE FROM OOMEP1WS_SEGMENT WHERE OBJECT_ID='segment/Workshop/Standard'
DELETE FROM OOMEP1WS_SEGMENT_ WHERE OBJECT_ID='segment/Workshop/Standard' AND IDX=0
DELETE FROM OOMEP1WS_PROJECT WHERE OBJECT_ID='project/Workshop/Standard/SICLE'
DELETE FROM OOMEP1WS_PROJECT_ WHERE OBJECT_ID='project/Workshop/Standard/SICLE' AND IDX=0
DELETE FROM OOMEP1WS_TEAMMEMBERASSIGNMENT WHERE OBJECT_ID='assignment/Workshop/Standard/SICLE/openCRX/LHUNM8YIT79PBTE7Q6DGZ60MN'
DELETE FROM OOMEP1WS_TEAMMEMBERASSIGNMENT WHERE OBJECT_ID='assignment/Workshop/Standard/SICLE/openMDX/LHU1MKWJEV17JTE7Q6DGZ60MN'
DELETE FROM OOMEP1WS_TEAMMEMBERASSIGNMENT_ WHERE OBJECT_ID='assignment/Workshop/Standard/SICLE/openCRX/LHUNM8YIT79PBTE7Q6DGZ60MN' AND IDX=0
DELETE FROM OOMEP1WS_TEAMMEMBERASSIGNMENT_ WHERE OBJECT_ID='assignment/Workshop/Standard/SICLE/openMDX/LHU1MKWJEV17JTE7Q6DGZ60MN' AND IDX=0
DELETE FROM OOMEP1WS_SKILL WHERE OBJECT_ID='skill/Workshop/Standard/J2EE'
DELETE FROM OOMEP1WS_SKILL WHERE OBJECT_ID='skill/Workshop/Standard/Lisp'
DELETE FROM OOMEP1WS_SKILL WHERE OBJECT_ID='skill/Workshop/Standard/MDA'
DELETE FROM OOMEP1WS_SKILL WHERE OBJECT_ID='skill/Workshop/Standard/Pascal'
DELETE FROM OOMEP1WS_SKILL WHERE OBJECT_ID='skill/Workshop/Standard/openCRX'
DELETE FROM OOMEP1WS_SKILL WHERE OBJECT_ID='skill/Workshop/Standard/openMDX'
DELETE FROM OOMEP1WS_SKILL_ WHERE OBJECT_ID='skill/Workshop/Standard/J2EE' AND IDX=0
DELETE FROM OOMEP1WS_SKILL_ WHERE OBJECT_ID='skill/Workshop/Standard/Lisp' AND IDX=0
DELETE FROM OOMEP1WS_SKILL_ WHERE OBJECT_ID='skill/Workshop/Standard/MDA' AND IDX=0
DELETE FROM OOMEP1WS_SKILL_ WHERE OBJECT_ID='skill/Workshop/Standard/Pascal' AND IDX=0
DELETE FROM OOMEP1WS_SKILL_ WHERE OBJECT_ID='skill/Workshop/Standard/openCRX' AND IDX=0
DELETE FROM OOMEP1WS_SKILL_ WHERE OBJECT_ID='skill/Workshop/Standard/openMDX' AND IDX=0
DELETE FROM OOMEP1WS_TASK WHERE OBJECT_ID='task/Workshop/Standard/SICLE/openCRX'
DELETE FROM OOMEP1WS_TASK WHERE OBJECT_ID='task/Workshop/Standard/SICLE/openMDX'
DELETE FROM OOMEP1WS_TASK_ WHERE OBJECT_ID='task/Workshop/Standard/SICLE/openCRX' AND IDX=0
DELETE FROM OOMEP1WS_TASK_ WHERE OBJECT_ID='task/Workshop/Standard/SICLE/openCRX' AND IDX=1
DELETE FROM OOMEP1WS_TASK_ WHERE OBJECT_ID='task/Workshop/Standard/SICLE/openCRX' AND IDX=2
DELETE FROM OOMEP1WS_TASK_ WHERE OBJECT_ID='task/Workshop/Standard/SICLE/openMDX' AND IDX=0
DELETE FROM OOMEP1WS_TASK_ WHERE OBJECT_ID='task/Workshop/Standard/SICLE/openMDX' AND IDX=1
DELETE FROM OOMEP1WS_TASK_ WHERE OBJECT_ID='task/Workshop/Standard/SICLE/openMDX' AND IDX=2
DELETE FROM OOMEP1WS_TEAMMEMBER WHERE OBJECT_ID='teamMember/Workshop/Standard/:9e611dc0-4610-11df-b5b1-735ce1cedbaf'
DELETE FROM OOMEP1WS_TEAMMEMBER WHERE OBJECT_ID='teamMember/Workshop/Standard/:9e611dc2-4610-11df-b5b1-735ce1cedbaf'
DELETE FROM OOMEP1WS_TEAMMEMBER_ WHERE OBJECT_ID='teamMember/Workshop/Standard/:9e611dc0-4610-11df-b5b1-735ce1cedbaf' AND IDX=0
DELETE FROM OOMEP1WS_TEAMMEMBER_ WHERE OBJECT_ID='teamMember/Workshop/Standard/:9e611dc0-4610-11df-b5b1-735ce1cedbaf' AND IDX=1
DELETE FROM OOMEP1WS_TEAMMEMBER_ WHERE OBJECT_ID='teamMember/Workshop/Standard/:9e611dc0-4610-11df-b5b1-735ce1cedbaf' AND IDX=2
DELETE FROM OOMEP1WS_TEAMMEMBER_ WHERE OBJECT_ID='teamMember/Workshop/Standard/:9e611dc0-4610-11df-b5b1-735ce1cedbaf' AND IDX=3
DELETE FROM OOMEP1WS_TEAMMEMBER_ WHERE OBJECT_ID='teamMember/Workshop/Standard/:9e611dc2-4610-11df-b5b1-735ce1cedbaf' AND IDX=0
DELETE FROM OOMEP1WS_TEAMMEMBER_ WHERE OBJECT_ID='teamMember/Workshop/Standard/:9e611dc2-4610-11df-b5b1-735ce1cedbaf' AND IDX=1
DELETE FROM OOMEP1WS_TEAMMEMBER_ WHERE OBJECT_ID='teamMember/Workshop/Standard/:9e611dc2-4610-11df-b5b1-735ce1cedbaf' AND IDX=2
DELETE FROM OOMEP1WS_TEAMMEMBER_ WHERE OBJECT_ID='teamMember/Workshop/Standard/:9e611dc2-4610-11df-b5b1-735ce1cedbaf' AND IDX=3
COMMIT
INSERT INTO OOMEP1WS_SEGMENT VALUES('segment/Workshop/Standard',NULL,'org:openmdx:example:workshop1:Segment',NULL)
INSERT INTO OOMEP1WS_SEGMENT_ VALUES('segment/Workshop/Standard',0,'org:openmdx:example:workshop1:Segment')
COMMIT
INSERT INTO OOMEP1WS_PROJECT VALUES('project/Workshop/Standard/SICLE','2011-12-27 09:54:59.460000',1,'openMDX/openCRX Workshop (2006-02-27 to 2006-03-01',1,'Workshop','org:openmdx:example:workshop1:Project','2011-12-27 09:54:59.460000',NULL,'segment/Workshop/Standard')
INSERT INTO OOMEP1WS_PROJECT_ VALUES('project/Workshop/Standard/SICLE',0,'junit','junit','org:openmdx:example:workshop1:Project')
INSERT INTO OOMEP1WS_TASK VALUES('task/Workshop/Standard/SICLE/openCRX','2011-12-27 09:54:59.460000',1,NULL,1,'openCRX Track',3,'org:openmdx:example:workshop1:Task','2011-12-27 09:54:59.460000','project/Workshop/Standard/SICLE')
INSERT INTO OOMEP1WS_TASK_ VALUES('task/Workshop/Standard/SICLE/openCRX',0,'junit','junit','org:openmdx:example:workshop1:Task','skill/Workshop/Standard/MDA')
INSERT INTO OOMEP1WS_TASK_ VALUES('task/Workshop/Standard/SICLE/openCRX',1,NULL,NULL,'org:openmdx:example:workshop1:Task','skill/Workshop/Standard/J2EE')
INSERT INTO OOMEP1WS_TASK_ VALUES('task/Workshop/Standard/SICLE/openCRX',2,NULL,NULL,'org:openmdx:example:workshop1:Task','skill/Workshop/Standard/openCRX')
INSERT INTO OOMEP1WS_TASK VALUES('task/Workshop/Standard/SICLE/openMDX','2011-12-27 09:54:59.460000',1,NULL,1,'openMDX Track',3,'org:openmdx:example:workshop1:Task','2011-12-27 09:54:59.460000','project/Workshop/Standard/SICLE')
INSERT INTO OOMEP1WS_TASK_ VALUES('task/Workshop/Standard/SICLE/openMDX',0,'junit','junit','org:openmdx:example:workshop1:Task','skill/Workshop/Standard/MDA')
INSERT INTO OOMEP1WS_TASK_ VALUES('task/Workshop/Standard/SICLE/openMDX',1,NULL,NULL,'org:openmdx:example:workshop1:Task','skill/Workshop/Standard/J2EE')
INSERT INTO OOMEP1WS_TASK_ VALUES('task/Workshop/Standard/SICLE/openMDX',2,NULL,NULL,'org:openmdx:example:workshop1:Task','skill/Workshop/Standard/openMDX')
INSERT INTO OOMEP1WS_SKILL VALUES('skill/Workshop/Standard/J2EE','2011-12-27 09:54:59.460000',1,1,'Jave 2 Enterprise Edition knowledge','org:openmdx:example:workshop1:Skill','2011-12-27 09:54:59.460000','segment/Workshop/Standard')
INSERT INTO OOMEP1WS_SKILL_ VALUES('skill/Workshop/Standard/J2EE',0,'junit','junit','org:openmdx:example:workshop1:Skill')
INSERT INTO OOMEP1WS_SKILL VALUES('skill/Workshop/Standard/Lisp','2011-12-27 09:54:59.460000',1,1,'Lisp programming','org:openmdx:example:workshop1:Skill','2011-12-27 09:54:59.460000','segment/Workshop/Standard')
INSERT INTO OOMEP1WS_SKILL_ VALUES('skill/Workshop/Standard/Lisp',0,'junit','junit','org:openmdx:example:workshop1:Skill')
INSERT INTO OOMEP1WS_SKILL VALUES('skill/Workshop/Standard/MDA','2011-12-27 09:54:59.460000',1,1,'MDA knowledge','org:openmdx:example:workshop1:Skill','2011-12-27 09:54:59.460000','segment/Workshop/Standard')
INSERT INTO OOMEP1WS_SKILL_ VALUES('skill/Workshop/Standard/MDA',0,'junit','junit','org:openmdx:example:workshop1:Skill')
INSERT INTO OOMEP1WS_SKILL VALUES('skill/Workshop/Standard/Pascal','2011-12-27 09:54:59.460000',1,1,'Pascal programming','org:openmdx:example:workshop1:Skill','2011-12-27 09:54:59.460000','segment/Workshop/Standard')
INSERT INTO OOMEP1WS_SKILL_ VALUES('skill/Workshop/Standard/Pascal',0,'junit','junit','org:openmdx:example:workshop1:Skill')
INSERT INTO OOMEP1WS_SKILL VALUES('skill/Workshop/Standard/openCRX','2011-12-27 09:54:59.460000',1,1,'openCRX knowledge','org:openmdx:example:workshop1:Skill','2011-12-27 09:54:59.460000','segment/Workshop/Standard')
INSERT INTO OOMEP1WS_SKILL_ VALUES('skill/Workshop/Standard/openCRX',0,'junit','junit','org:openmdx:example:workshop1:Skill')
INSERT INTO OOMEP1WS_SKILL VALUES('skill/Workshop/Standard/openMDX','2011-12-27 09:54:59.460000',1,1,'openMDX knowledge','org:openmdx:example:workshop1:Skill','2011-12-27 09:54:59.460000','segment/Workshop/Standard')
INSERT INTO OOMEP1WS_SKILL_ VALUES('skill/Workshop/Standard/openMDX',0,'junit','junit','org:openmdx:example:workshop1:Skill')
INSERT INTO OOMEP1WS_TEAMMEMBER VALUES('teamMember/Workshop/Standard/73bf89a1-3068-11e1-bb34-4d5bea809f2d','2011-12-27 09:54:59.460000',1,1,'John Dow',NULL,4,'org:openmdx:example:workshop1:TeamMember','2011-12-27 09:54:59.460000','segment/Workshop/Standard')
INSERT INTO OOMEP1WS_TEAMMEMBER_ VALUES('teamMember/Workshop/Standard/73bf89a1-3068-11e1-bb34-4d5bea809f2d',0,'junit','junit','org:openmdx:example:workshop1:TeamMember','skill/Workshop/Standard/MDA')
INSERT INTO OOMEP1WS_TEAMMEMBER_ VALUES('teamMember/Workshop/Standard/73bf89a1-3068-11e1-bb34-4d5bea809f2d',1,NULL,NULL,'org:openmdx:example:workshop1:TeamMember','skill/Workshop/Standard/J2EE')
INSERT INTO OOMEP1WS_TEAMMEMBER_ VALUES('teamMember/Workshop/Standard/73bf89a1-3068-11e1-bb34-4d5bea809f2d',2,NULL,NULL,'org:openmdx:example:workshop1:TeamMember','skill/Workshop/Standard/openMDX')
INSERT INTO OOMEP1WS_TEAMMEMBER_ VALUES('teamMember/Workshop/Standard/73bf89a1-3068-11e1-bb34-4d5bea809f2d',3,NULL,NULL,'org:openmdx:example:workshop1:TeamMember','skill/Workshop/Standard/Pascal')
INSERT INTO OOMEP1WS_TEAMMEMBER VALUES('teamMember/Workshop/Standard/73bf89a4-3068-11e1-bb34-4d5bea809f2d','2011-12-27 09:54:59.460000',1,1,'Jane Dow',NULL,4,'org:openmdx:example:workshop1:TeamMember','2011-12-27 09:54:59.460000','segment/Workshop/Standard')
INSERT INTO OOMEP1WS_TEAMMEMBER_ VALUES('teamMember/Workshop/Standard/73bf89a4-3068-11e1-bb34-4d5bea809f2d',0,'junit','junit','org:openmdx:example:workshop1:TeamMember','skill/Workshop/Standard/MDA')
INSERT INTO OOMEP1WS_TEAMMEMBER_ VALUES('teamMember/Workshop/Standard/73bf89a4-3068-11e1-bb34-4d5bea809f2d',1,NULL,NULL,'org:openmdx:example:workshop1:TeamMember','skill/Workshop/Standard/J2EE')
INSERT INTO OOMEP1WS_TEAMMEMBER_ VALUES('teamMember/Workshop/Standard/73bf89a4-3068-11e1-bb34-4d5bea809f2d',2,NULL,NULL,'org:openmdx:example:workshop1:TeamMember','skill/Workshop/Standard/openCRX')
INSERT INTO OOMEP1WS_TEAMMEMBER_ VALUES('teamMember/Workshop/Standard/73bf89a4-3068-11e1-bb34-4d5bea809f2d',3,NULL,NULL,'org:openmdx:example:workshop1:TeamMember','skill/Workshop/Standard/Lisp')
COMMIT
INSERT INTO OOMEP1WS_TEAMMEMBERASSIGNMENT VALUES('assignment/Workshop/Standard/SICLE/openMDX/9S519HJQA7ZKXWETX9AB2HH65','2011-12-27 09:54:59.828000',1,'participant',1,'org:openmdx:example:workshop1:TeamMemberAssignment','2011-12-27 09:54:59.828000','task/Workshop/Standard/SICLE/openMDX','teamMember/Workshop/Standard/73bf89a1-3068-11e1-bb34-4d5bea809f2d')
INSERT INTO OOMEP1WS_TEAMMEMBERASSIGNMENT_ VALUES('assignment/Workshop/Standard/SICLE/openMDX/9S519HJQA7ZKXWETX9AB2HH65',0,'junit','junit','org:openmdx:example:workshop1:TeamMemberAssignment')
COMMIT
INSERT INTO OOMEP1WS_TEAMMEMBERASSIGNMENT VALUES('assignment/Workshop/Standard/SICLE/openCRX/9S5NODOIQWX5TWETX9AB2HH65','2011-12-27 09:54:59.869000',1,'listener',1,'org:openmdx:example:workshop1:TeamMemberAssignment','2011-12-27 09:54:59.869000','task/Workshop/Standard/SICLE/openCRX','teamMember/Workshop/Standard/73bf89a4-3068-11e1-bb34-4d5bea809f2d')
INSERT INTO OOMEP1WS_TEAMMEMBERASSIGNMENT_ VALUES('assignment/Workshop/Standard/SICLE/openCRX/9S5NODOIQWX5TWETX9AB2HH65',0,'junit','junit','org:openmdx:example:workshop1:TeamMemberAssignment')
COMMIT
DISCONNECT
